Not searching for unused variables given on the command line.
[36m--[0m The C compiler identification is GNU 5.5.0
[36m--[0m The CXX compiler identification is GNU 5.5.0
[36m--[0m Check for working C compiler: /usr/bin/cc
[36m--[0m Check for working C compiler: /usr/bin/cc -- works
[36m--[0m Detecting C compiler ABI info
[36m--[0m Detecting C compiler ABI info - done
[36m--[0m Detecting C compile features
[36m--[0m Detecting C compile features - done
[36m--[0m Check for working CXX compiler: /usr/bin/c++
[36m--[0m Check for working CXX compiler: /usr/bin/c++ -- works
[36m--[0m Detecting CXX compiler ABI info
[36m--[0m Detecting CXX compiler ABI info - done
[36m--[0m Detecting CXX compile features
[36m--[0m Detecting CXX compile features - done
[36m--[0m Using CATKIN_DEVEL_PREFIX: /local-scratch/xlv/catkin_ws/devel/.private/tf2_py
[36m--[0m Using CMAKE_PREFIX_PATH: /local-scratch/xlv/catkin_ws/devel;/opt/ros/kinetic
[36m--[0m This workspace overlays: /local-scratch/xlv/catkin_ws/devel;/opt/ros/kinetic
[36m--[0m Found PythonInterp: /local-scratch/xlv/miniconda3/envs/py35_no_specific/bin/python3.5 (found version "3.5.6")
[36m--[0m Using PYTHON_EXECUTABLE: /local-scratch/xlv/miniconda3/envs/py35_no_specific/bin/python3.5
[36m--[0m Using Debian Python package layout
[36m--[0m Using empy: /usr/bin/empy
[36m--[0m Using CATKIN_ENABLE_TESTING: ON
[36m--[0m Call enable_testing()
[36m--[0m Using CATKIN_TEST_RESULTS_DIR: /local-scratch/xlv/catkin_ws/build/tf2_py/test_results
[36m--[0m Found gmock sources under '/usr/src/gmock': gmock will be built
[36m--[0m Looking for pthread.h
[36m--[0m Looking for pthread.h - found
[36m--[0m Looking for pthread_create
[36m--[0m Looking for pthread_create - not found
[36m--[0m Looking for pthread_create in pthreads
[36m--[0m Looking for pthread_create in pthreads - not found
[36m--[0m Looking for pthread_create in pthread
[36m--[0m Looking for pthread_create in pthread - found
[36m--[0m Found Threads: TRUE
[36m--[0m Found gtest sources under '/usr/src/gmock': gtests will be built
[36m--[0m Using Python nosetests: /usr/bin/nosetests3
[36m--[0m catkin 0.7.14
[36m--[0m Using these message generators: gencpp;geneus;genlisp;gennodejs;genpy
[36m--[0m Found PythonLibs: /local-scratch/xlv/miniconda3/envs/py35_no_specific/lib/libpython3.5m.so (found suitable version "3.5.6", minimum required is "2")
[36m--[0m Configuring done
[36m--[0m Generating done
[36m--[0m Build files have been written to: /local-scratch/xlv/catkin_ws/build/tf2_py
