Determining if the pthread_create exist failed with the following output:
Change Dir: /local-scratch/xlv/reward_shaping_ttr/catkin_ws/build/tf2_eigen/CMakeFiles/CMakeTmp

Run Build Command:"/usr/bin/make" "cmTC_5f9fb/fast"
/usr/bin/make -f CMakeFiles/cmTC_5f9fb.dir/build.make CMakeFiles/cmTC_5f9fb.dir/build
make[1]: Entering directory '/local-scratch/xlv/reward_shaping_ttr/catkin_ws/build/tf2_eigen/CMakeFiles/CMakeTmp'
Building C object CMakeFiles/cmTC_5f9fb.dir/CheckSymbolExists.c.o
/usr/bin/cc     -o CMakeFiles/cmTC_5f9fb.dir/CheckSymbolExists.c.o   -c /local-scratch/xlv/reward_shaping_ttr/catkin_ws/build/tf2_eigen/CMakeFiles/CMakeTmp/CheckSymbolExists.c
Linking C executable cmTC_5f9fb
/usr/bin/cmake -E cmake_link_script CMakeFiles/cmTC_5f9fb.dir/link.txt --verbose=1
/usr/bin/cc       CMakeFiles/cmTC_5f9fb.dir/CheckSymbolExists.c.o  -o cmTC_5f9fb -rdynamic 
CMakeFiles/cmTC_5f9fb.dir/CheckSymbolExists.c.o: In function `main':
CheckSymbolExists.c:(.text+0x16): undefined reference to `pthread_create'
collect2: error: ld returned 1 exit status
CMakeFiles/cmTC_5f9fb.dir/build.make:97: recipe for target 'cmTC_5f9fb' failed
make[1]: *** [cmTC_5f9fb] Error 1
make[1]: Leaving directory '/local-scratch/xlv/reward_shaping_ttr/catkin_ws/build/tf2_eigen/CMakeFiles/CMakeTmp'
Makefile:126: recipe for target 'cmTC_5f9fb/fast' failed
make: *** [cmTC_5f9fb/fast] Error 2

File /local-scratch/xlv/reward_shaping_ttr/catkin_ws/build/tf2_eigen/CMakeFiles/CMakeTmp/CheckSymbolExists.c:
/* */
#include <pthread.h>

int main(int argc, char** argv)
{
  (void)argv;
#ifndef pthread_create
  return ((int*)(&pthread_create))[argc];
#else
  (void)argc;
  return 0;
#endif
}

Determining if the function pthread_create exists in the pthreads failed with the following output:
Change Dir: /local-scratch/xlv/reward_shaping_ttr/catkin_ws/build/tf2_eigen/CMakeFiles/CMakeTmp

Run Build Command:"/usr/bin/make" "cmTC_7fe93/fast"
/usr/bin/make -f CMakeFiles/cmTC_7fe93.dir/build.make CMakeFiles/cmTC_7fe93.dir/build
make[1]: Entering directory '/local-scratch/xlv/reward_shaping_ttr/catkin_ws/build/tf2_eigen/CMakeFiles/CMakeTmp'
Building C object CMakeFiles/cmTC_7fe93.dir/CheckFunctionExists.c.o
/usr/bin/cc    -DCHECK_FUNCTION_EXISTS=pthread_create   -o CMakeFiles/cmTC_7fe93.dir/CheckFunctionExists.c.o   -c /usr/share/cmake-3.5/Modules/CheckFunctionExists.c
Linking C executable cmTC_7fe93
/usr/bin/cmake -E cmake_link_script CMakeFiles/cmTC_7fe93.dir/link.txt --verbose=1
/usr/bin/cc   -DCHECK_FUNCTION_EXISTS=pthread_create    CMakeFiles/cmTC_7fe93.dir/CheckFunctionExists.c.o  -o cmTC_7fe93 -rdynamic -lpthreads 
/usr/bin/ld: cannot find -lpthreads
collect2: error: ld returned 1 exit status
CMakeFiles/cmTC_7fe93.dir/build.make:97: recipe for target 'cmTC_7fe93' failed
make[1]: *** [cmTC_7fe93] Error 1
make[1]: Leaving directory '/local-scratch/xlv/reward_shaping_ttr/catkin_ws/build/tf2_eigen/CMakeFiles/CMakeTmp'
Makefile:126: recipe for target 'cmTC_7fe93/fast' failed
make: *** [cmTC_7fe93/fast] Error 2


