Determining if the pthread_create exist failed with the following output:
Change Dir: /local-scratch/xlv/reward_shaping_ttr/catkin_ws/build/hector_components_description/CMakeFiles/CMakeTmp

Run Build Command:"/usr/bin/make" "cmTC_9cc0c/fast"
/usr/bin/make -f CMakeFiles/cmTC_9cc0c.dir/build.make CMakeFiles/cmTC_9cc0c.dir/build
make[1]: Entering directory '/local-scratch/xlv/reward_shaping_ttr/catkin_ws/build/hector_components_description/CMakeFiles/CMakeTmp'
Building C object CMakeFiles/cmTC_9cc0c.dir/CheckSymbolExists.c.o
/usr/bin/cc     -o CMakeFiles/cmTC_9cc0c.dir/CheckSymbolExists.c.o   -c /local-scratch/xlv/reward_shaping_ttr/catkin_ws/build/hector_components_description/CMakeFiles/CMakeTmp/CheckSymbolExists.c
Linking C executable cmTC_9cc0c
/usr/bin/cmake -E cmake_link_script CMakeFiles/cmTC_9cc0c.dir/link.txt --verbose=1
/usr/bin/cc       CMakeFiles/cmTC_9cc0c.dir/CheckSymbolExists.c.o  -o cmTC_9cc0c -rdynamic 
CMakeFiles/cmTC_9cc0c.dir/CheckSymbolExists.c.o: In function `main':
CheckSymbolExists.c:(.text+0x16): undefined reference to `pthread_create'
collect2: error: ld returned 1 exit status
CMakeFiles/cmTC_9cc0c.dir/build.make:97: recipe for target 'cmTC_9cc0c' failed
make[1]: *** [cmTC_9cc0c] Error 1
make[1]: Leaving directory '/local-scratch/xlv/reward_shaping_ttr/catkin_ws/build/hector_components_description/CMakeFiles/CMakeTmp'
Makefile:126: recipe for target 'cmTC_9cc0c/fast' failed
make: *** [cmTC_9cc0c/fast] Error 2

File /local-scratch/xlv/reward_shaping_ttr/catkin_ws/build/hector_components_description/CMakeFiles/CMakeTmp/CheckSymbolExists.c:
/* */
#include <pthread.h>

int main(int argc, char** argv)
{
  (void)argv;
#ifndef pthread_create
  return ((int*)(&pthread_create))[argc];
#else
  (void)argc;
  return 0;
#endif
}

Determining if the function pthread_create exists in the pthreads failed with the following output:
Change Dir: /local-scratch/xlv/reward_shaping_ttr/catkin_ws/build/hector_components_description/CMakeFiles/CMakeTmp

Run Build Command:"/usr/bin/make" "cmTC_c159f/fast"
/usr/bin/make -f CMakeFiles/cmTC_c159f.dir/build.make CMakeFiles/cmTC_c159f.dir/build
make[1]: Entering directory '/local-scratch/xlv/reward_shaping_ttr/catkin_ws/build/hector_components_description/CMakeFiles/CMakeTmp'
Building C object CMakeFiles/cmTC_c159f.dir/CheckFunctionExists.c.o
/usr/bin/cc    -DCHECK_FUNCTION_EXISTS=pthread_create   -o CMakeFiles/cmTC_c159f.dir/CheckFunctionExists.c.o   -c /usr/share/cmake-3.5/Modules/CheckFunctionExists.c
Linking C executable cmTC_c159f
/usr/bin/cmake -E cmake_link_script CMakeFiles/cmTC_c159f.dir/link.txt --verbose=1
/usr/bin/cc   -DCHECK_FUNCTION_EXISTS=pthread_create    CMakeFiles/cmTC_c159f.dir/CheckFunctionExists.c.o  -o cmTC_c159f -rdynamic -lpthreads 
/usr/bin/ld: cannot find -lpthreads
collect2: error: ld returned 1 exit status
CMakeFiles/cmTC_c159f.dir/build.make:97: recipe for target 'cmTC_c159f' failed
make[1]: *** [cmTC_c159f] Error 1
make[1]: Leaving directory '/local-scratch/xlv/reward_shaping_ttr/catkin_ws/build/hector_components_description/CMakeFiles/CMakeTmp'
Makefile:126: recipe for target 'cmTC_c159f/fast' failed
make: *** [cmTC_c159f/fast] Error 2


