Determining if the pthread_create exist failed with the following output:
Change Dir: /local-scratch/xlv/catkin_ws/build/hector_sensors_description/CMakeFiles/CMakeTmp

Run Build Command:"/usr/bin/make" "cmTC_984ef/fast"
/usr/bin/make -f CMakeFiles/cmTC_984ef.dir/build.make CMakeFiles/cmTC_984ef.dir/build
make[1]: Entering directory '/local-scratch/xlv/catkin_ws/build/hector_sensors_description/CMakeFiles/CMakeTmp'
Building C object CMakeFiles/cmTC_984ef.dir/CheckSymbolExists.c.o
/usr/bin/cc     -o CMakeFiles/cmTC_984ef.dir/CheckSymbolExists.c.o   -c /local-scratch/xlv/catkin_ws/build/hector_sensors_description/CMakeFiles/CMakeTmp/CheckSymbolExists.c
Linking C executable cmTC_984ef
/usr/bin/cmake -E cmake_link_script CMakeFiles/cmTC_984ef.dir/link.txt --verbose=1
/usr/bin/cc       CMakeFiles/cmTC_984ef.dir/CheckSymbolExists.c.o  -o cmTC_984ef -rdynamic 
CMakeFiles/cmTC_984ef.dir/CheckSymbolExists.c.o: In function `main':
CheckSymbolExists.c:(.text+0x16): undefined reference to `pthread_create'
collect2: error: ld returned 1 exit status
CMakeFiles/cmTC_984ef.dir/build.make:97: recipe for target 'cmTC_984ef' failed
make[1]: *** [cmTC_984ef] Error 1
make[1]: Leaving directory '/local-scratch/xlv/catkin_ws/build/hector_sensors_description/CMakeFiles/CMakeTmp'
Makefile:126: recipe for target 'cmTC_984ef/fast' failed
make: *** [cmTC_984ef/fast] Error 2

File /local-scratch/xlv/catkin_ws/build/hector_sensors_description/CMakeFiles/CMakeTmp/CheckSymbolExists.c:
/* */
#include <pthread.h>

int main(int argc, char** argv)
{
  (void)argv;
#ifndef pthread_create
  return ((int*)(&pthread_create))[argc];
#else
  (void)argc;
  return 0;
#endif
}

Determining if the function pthread_create exists in the pthreads failed with the following output:
Change Dir: /local-scratch/xlv/catkin_ws/build/hector_sensors_description/CMakeFiles/CMakeTmp

Run Build Command:"/usr/bin/make" "cmTC_48517/fast"
/usr/bin/make -f CMakeFiles/cmTC_48517.dir/build.make CMakeFiles/cmTC_48517.dir/build
make[1]: Entering directory '/local-scratch/xlv/catkin_ws/build/hector_sensors_description/CMakeFiles/CMakeTmp'
Building C object CMakeFiles/cmTC_48517.dir/CheckFunctionExists.c.o
/usr/bin/cc    -DCHECK_FUNCTION_EXISTS=pthread_create   -o CMakeFiles/cmTC_48517.dir/CheckFunctionExists.c.o   -c /usr/share/cmake-3.5/Modules/CheckFunctionExists.c
Linking C executable cmTC_48517
/usr/bin/cmake -E cmake_link_script CMakeFiles/cmTC_48517.dir/link.txt --verbose=1
/usr/bin/cc   -DCHECK_FUNCTION_EXISTS=pthread_create    CMakeFiles/cmTC_48517.dir/CheckFunctionExists.c.o  -o cmTC_48517 -rdynamic -lpthreads 
/usr/bin/ld: cannot find -lpthreads
collect2: error: ld returned 1 exit status
CMakeFiles/cmTC_48517.dir/build.make:97: recipe for target 'cmTC_48517' failed
make[1]: *** [cmTC_48517] Error 1
make[1]: Leaving directory '/local-scratch/xlv/catkin_ws/build/hector_sensors_description/CMakeFiles/CMakeTmp'
Makefile:126: recipe for target 'cmTC_48517/fast' failed
make: *** [cmTC_48517/fast] Error 2


