Determining if the pthread_create exist failed with the following output:
Change Dir: /local-scratch/xlv/catkin_ws/build/tf2_tools/CMakeFiles/CMakeTmp

Run Build Command:"/usr/bin/make" "cmTC_e7716/fast"
/usr/bin/make -f CMakeFiles/cmTC_e7716.dir/build.make CMakeFiles/cmTC_e7716.dir/build
make[1]: Entering directory '/local-scratch/xlv/catkin_ws/build/tf2_tools/CMakeFiles/CMakeTmp'
Building C object CMakeFiles/cmTC_e7716.dir/CheckSymbolExists.c.o
/usr/bin/cc     -o CMakeFiles/cmTC_e7716.dir/CheckSymbolExists.c.o   -c /local-scratch/xlv/catkin_ws/build/tf2_tools/CMakeFiles/CMakeTmp/CheckSymbolExists.c
Linking C executable cmTC_e7716
/usr/bin/cmake -E cmake_link_script CMakeFiles/cmTC_e7716.dir/link.txt --verbose=1
/usr/bin/cc       CMakeFiles/cmTC_e7716.dir/CheckSymbolExists.c.o  -o cmTC_e7716 -rdynamic 
CMakeFiles/cmTC_e7716.dir/CheckSymbolExists.c.o: In function `main':
CheckSymbolExists.c:(.text+0x16): undefined reference to `pthread_create'
collect2: error: ld returned 1 exit status
CMakeFiles/cmTC_e7716.dir/build.make:97: recipe for target 'cmTC_e7716' failed
make[1]: *** [cmTC_e7716] Error 1
make[1]: Leaving directory '/local-scratch/xlv/catkin_ws/build/tf2_tools/CMakeFiles/CMakeTmp'
Makefile:126: recipe for target 'cmTC_e7716/fast' failed
make: *** [cmTC_e7716/fast] Error 2

File /local-scratch/xlv/catkin_ws/build/tf2_tools/CMakeFiles/CMakeTmp/CheckSymbolExists.c:
/* */
#include <pthread.h>

int main(int argc, char** argv)
{
  (void)argv;
#ifndef pthread_create
  return ((int*)(&pthread_create))[argc];
#else
  (void)argc;
  return 0;
#endif
}

Determining if the function pthread_create exists in the pthreads failed with the following output:
Change Dir: /local-scratch/xlv/catkin_ws/build/tf2_tools/CMakeFiles/CMakeTmp

Run Build Command:"/usr/bin/make" "cmTC_570db/fast"
/usr/bin/make -f CMakeFiles/cmTC_570db.dir/build.make CMakeFiles/cmTC_570db.dir/build
make[1]: Entering directory '/local-scratch/xlv/catkin_ws/build/tf2_tools/CMakeFiles/CMakeTmp'
Building C object CMakeFiles/cmTC_570db.dir/CheckFunctionExists.c.o
/usr/bin/cc    -DCHECK_FUNCTION_EXISTS=pthread_create   -o CMakeFiles/cmTC_570db.dir/CheckFunctionExists.c.o   -c /usr/share/cmake-3.5/Modules/CheckFunctionExists.c
Linking C executable cmTC_570db
/usr/bin/cmake -E cmake_link_script CMakeFiles/cmTC_570db.dir/link.txt --verbose=1
/usr/bin/cc   -DCHECK_FUNCTION_EXISTS=pthread_create    CMakeFiles/cmTC_570db.dir/CheckFunctionExists.c.o  -o cmTC_570db -rdynamic -lpthreads 
/usr/bin/ld: cannot find -lpthreads
collect2: error: ld returned 1 exit status
CMakeFiles/cmTC_570db.dir/build.make:97: recipe for target 'cmTC_570db' failed
make[1]: *** [cmTC_570db] Error 1
make[1]: Leaving directory '/local-scratch/xlv/catkin_ws/build/tf2_tools/CMakeFiles/CMakeTmp'
Makefile:126: recipe for target 'cmTC_570db/fast' failed
make: *** [cmTC_570db/fast] Error 2


