Determining if the pthread_create exist failed with the following output:
Change Dir: /local-scratch/xlv/catkin_ws/build/tf2/CMakeFiles/CMakeTmp

Run Build Command:"/usr/bin/make" "cmTC_66452/fast"
/usr/bin/make -f CMakeFiles/cmTC_66452.dir/build.make CMakeFiles/cmTC_66452.dir/build
make[1]: Entering directory '/local-scratch/xlv/catkin_ws/build/tf2/CMakeFiles/CMakeTmp'
Building C object CMakeFiles/cmTC_66452.dir/CheckSymbolExists.c.o
/usr/bin/cc     -o CMakeFiles/cmTC_66452.dir/CheckSymbolExists.c.o   -c /local-scratch/xlv/catkin_ws/build/tf2/CMakeFiles/CMakeTmp/CheckSymbolExists.c
Linking C executable cmTC_66452
/usr/bin/cmake -E cmake_link_script CMakeFiles/cmTC_66452.dir/link.txt --verbose=1
/usr/bin/cc       CMakeFiles/cmTC_66452.dir/CheckSymbolExists.c.o  -o cmTC_66452 -rdynamic 
CMakeFiles/cmTC_66452.dir/CheckSymbolExists.c.o: In function `main':
CheckSymbolExists.c:(.text+0x16): undefined reference to `pthread_create'
collect2: error: ld returned 1 exit status
CMakeFiles/cmTC_66452.dir/build.make:97: recipe for target 'cmTC_66452' failed
make[1]: *** [cmTC_66452] Error 1
make[1]: Leaving directory '/local-scratch/xlv/catkin_ws/build/tf2/CMakeFiles/CMakeTmp'
Makefile:126: recipe for target 'cmTC_66452/fast' failed
make: *** [cmTC_66452/fast] Error 2

File /local-scratch/xlv/catkin_ws/build/tf2/CMakeFiles/CMakeTmp/CheckSymbolExists.c:
/* */
#include <pthread.h>

int main(int argc, char** argv)
{
  (void)argv;
#ifndef pthread_create
  return ((int*)(&pthread_create))[argc];
#else
  (void)argc;
  return 0;
#endif
}

Determining if the function pthread_create exists in the pthreads failed with the following output:
Change Dir: /local-scratch/xlv/catkin_ws/build/tf2/CMakeFiles/CMakeTmp

Run Build Command:"/usr/bin/make" "cmTC_b14af/fast"
/usr/bin/make -f CMakeFiles/cmTC_b14af.dir/build.make CMakeFiles/cmTC_b14af.dir/build
make[1]: Entering directory '/local-scratch/xlv/catkin_ws/build/tf2/CMakeFiles/CMakeTmp'
Building C object CMakeFiles/cmTC_b14af.dir/CheckFunctionExists.c.o
/usr/bin/cc    -DCHECK_FUNCTION_EXISTS=pthread_create   -o CMakeFiles/cmTC_b14af.dir/CheckFunctionExists.c.o   -c /usr/share/cmake-3.5/Modules/CheckFunctionExists.c
Linking C executable cmTC_b14af
/usr/bin/cmake -E cmake_link_script CMakeFiles/cmTC_b14af.dir/link.txt --verbose=1
/usr/bin/cc   -DCHECK_FUNCTION_EXISTS=pthread_create    CMakeFiles/cmTC_b14af.dir/CheckFunctionExists.c.o  -o cmTC_b14af -rdynamic -lpthreads 
/usr/bin/ld: cannot find -lpthreads
collect2: error: ld returned 1 exit status
CMakeFiles/cmTC_b14af.dir/build.make:97: recipe for target 'cmTC_b14af' failed
make[1]: *** [cmTC_b14af] Error 1
make[1]: Leaving directory '/local-scratch/xlv/catkin_ws/build/tf2/CMakeFiles/CMakeTmp'
Makefile:126: recipe for target 'cmTC_b14af/fast' failed
make: *** [cmTC_b14af/fast] Error 2


