Determining if the pthread_create exist failed with the following output:
Change Dir: /local-scratch/xlv/catkin_ws/build/catkin_tools_prebuild/CMakeFiles/CMakeTmp

Run Build Command:"/usr/bin/make" "cmTC_6898b/fast"
/usr/bin/make -f CMakeFiles/cmTC_6898b.dir/build.make CMakeFiles/cmTC_6898b.dir/build
make[1]: Entering directory '/local-scratch/xlv/catkin_ws/build/catkin_tools_prebuild/CMakeFiles/CMakeTmp'
Building C object CMakeFiles/cmTC_6898b.dir/CheckSymbolExists.c.o
/usr/bin/cc     -o CMakeFiles/cmTC_6898b.dir/CheckSymbolExists.c.o   -c /local-scratch/xlv/catkin_ws/build/catkin_tools_prebuild/CMakeFiles/CMakeTmp/CheckSymbolExists.c
Linking C executable cmTC_6898b
/usr/bin/cmake -E cmake_link_script CMakeFiles/cmTC_6898b.dir/link.txt --verbose=1
/usr/bin/cc       CMakeFiles/cmTC_6898b.dir/CheckSymbolExists.c.o  -o cmTC_6898b -rdynamic 
CMakeFiles/cmTC_6898b.dir/CheckSymbolExists.c.o: In function `main':
CheckSymbolExists.c:(.text+0x16): undefined reference to `pthread_create'
collect2: error: ld returned 1 exit status
CMakeFiles/cmTC_6898b.dir/build.make:97: recipe for target 'cmTC_6898b' failed
make[1]: *** [cmTC_6898b] Error 1
make[1]: Leaving directory '/local-scratch/xlv/catkin_ws/build/catkin_tools_prebuild/CMakeFiles/CMakeTmp'
Makefile:126: recipe for target 'cmTC_6898b/fast' failed
make: *** [cmTC_6898b/fast] Error 2

File /local-scratch/xlv/catkin_ws/build/catkin_tools_prebuild/CMakeFiles/CMakeTmp/CheckSymbolExists.c:
/* */
#include <pthread.h>

int main(int argc, char** argv)
{
  (void)argv;
#ifndef pthread_create
  return ((int*)(&pthread_create))[argc];
#else
  (void)argc;
  return 0;
#endif
}

Determining if the function pthread_create exists in the pthreads failed with the following output:
Change Dir: /local-scratch/xlv/catkin_ws/build/catkin_tools_prebuild/CMakeFiles/CMakeTmp

Run Build Command:"/usr/bin/make" "cmTC_9ccbf/fast"
/usr/bin/make -f CMakeFiles/cmTC_9ccbf.dir/build.make CMakeFiles/cmTC_9ccbf.dir/build
make[1]: Entering directory '/local-scratch/xlv/catkin_ws/build/catkin_tools_prebuild/CMakeFiles/CMakeTmp'
Building C object CMakeFiles/cmTC_9ccbf.dir/CheckFunctionExists.c.o
/usr/bin/cc    -DCHECK_FUNCTION_EXISTS=pthread_create   -o CMakeFiles/cmTC_9ccbf.dir/CheckFunctionExists.c.o   -c /usr/share/cmake-3.5/Modules/CheckFunctionExists.c
Linking C executable cmTC_9ccbf
/usr/bin/cmake -E cmake_link_script CMakeFiles/cmTC_9ccbf.dir/link.txt --verbose=1
/usr/bin/cc   -DCHECK_FUNCTION_EXISTS=pthread_create    CMakeFiles/cmTC_9ccbf.dir/CheckFunctionExists.c.o  -o cmTC_9ccbf -rdynamic -lpthreads 
/usr/bin/ld: cannot find -lpthreads
collect2: error: ld returned 1 exit status
CMakeFiles/cmTC_9ccbf.dir/build.make:97: recipe for target 'cmTC_9ccbf' failed
make[1]: *** [cmTC_9ccbf] Error 1
make[1]: Leaving directory '/local-scratch/xlv/catkin_ws/build/catkin_tools_prebuild/CMakeFiles/CMakeTmp'
Makefile:126: recipe for target 'cmTC_9ccbf/fast' failed
make: *** [cmTC_9ccbf/fast] Error 2


