Determining if the pthread_create exist failed with the following output:
Change Dir: /local-scratch/xlv/catkin_ws/build/kdl_conversions/CMakeFiles/CMakeTmp

Run Build Command:"/usr/bin/make" "cmTC_b0afc/fast"
/usr/bin/make -f CMakeFiles/cmTC_b0afc.dir/build.make CMakeFiles/cmTC_b0afc.dir/build
make[1]: Entering directory '/local-scratch/xlv/catkin_ws/build/kdl_conversions/CMakeFiles/CMakeTmp'
Building C object CMakeFiles/cmTC_b0afc.dir/CheckSymbolExists.c.o
/usr/bin/cc     -o CMakeFiles/cmTC_b0afc.dir/CheckSymbolExists.c.o   -c /local-scratch/xlv/catkin_ws/build/kdl_conversions/CMakeFiles/CMakeTmp/CheckSymbolExists.c
Linking C executable cmTC_b0afc
/usr/bin/cmake -E cmake_link_script CMakeFiles/cmTC_b0afc.dir/link.txt --verbose=1
/usr/bin/cc       CMakeFiles/cmTC_b0afc.dir/CheckSymbolExists.c.o  -o cmTC_b0afc -rdynamic 
CMakeFiles/cmTC_b0afc.dir/CheckSymbolExists.c.o: In function `main':
CheckSymbolExists.c:(.text+0x16): undefined reference to `pthread_create'
collect2: error: ld returned 1 exit status
CMakeFiles/cmTC_b0afc.dir/build.make:97: recipe for target 'cmTC_b0afc' failed
make[1]: *** [cmTC_b0afc] Error 1
make[1]: Leaving directory '/local-scratch/xlv/catkin_ws/build/kdl_conversions/CMakeFiles/CMakeTmp'
Makefile:126: recipe for target 'cmTC_b0afc/fast' failed
make: *** [cmTC_b0afc/fast] Error 2

File /local-scratch/xlv/catkin_ws/build/kdl_conversions/CMakeFiles/CMakeTmp/CheckSymbolExists.c:
/* */
#include <pthread.h>

int main(int argc, char** argv)
{
  (void)argv;
#ifndef pthread_create
  return ((int*)(&pthread_create))[argc];
#else
  (void)argc;
  return 0;
#endif
}

Determining if the function pthread_create exists in the pthreads failed with the following output:
Change Dir: /local-scratch/xlv/catkin_ws/build/kdl_conversions/CMakeFiles/CMakeTmp

Run Build Command:"/usr/bin/make" "cmTC_e5022/fast"
/usr/bin/make -f CMakeFiles/cmTC_e5022.dir/build.make CMakeFiles/cmTC_e5022.dir/build
make[1]: Entering directory '/local-scratch/xlv/catkin_ws/build/kdl_conversions/CMakeFiles/CMakeTmp'
Building C object CMakeFiles/cmTC_e5022.dir/CheckFunctionExists.c.o
/usr/bin/cc    -DCHECK_FUNCTION_EXISTS=pthread_create   -o CMakeFiles/cmTC_e5022.dir/CheckFunctionExists.c.o   -c /usr/share/cmake-3.5/Modules/CheckFunctionExists.c
Linking C executable cmTC_e5022
/usr/bin/cmake -E cmake_link_script CMakeFiles/cmTC_e5022.dir/link.txt --verbose=1
/usr/bin/cc   -DCHECK_FUNCTION_EXISTS=pthread_create    CMakeFiles/cmTC_e5022.dir/CheckFunctionExists.c.o  -o cmTC_e5022 -rdynamic -lpthreads 
/usr/bin/ld: cannot find -lpthreads
collect2: error: ld returned 1 exit status
CMakeFiles/cmTC_e5022.dir/build.make:97: recipe for target 'cmTC_e5022' failed
make[1]: *** [cmTC_e5022] Error 1
make[1]: Leaving directory '/local-scratch/xlv/catkin_ws/build/kdl_conversions/CMakeFiles/CMakeTmp'
Makefile:126: recipe for target 'cmTC_e5022/fast' failed
make: *** [cmTC_e5022/fast] Error 2


