Determining if the pthread_create exist failed with the following output:
Change Dir: /local-scratch/xlv/catkin_ws/build/tf2_geometry_msgs/CMakeFiles/CMakeTmp

Run Build Command:"/usr/bin/make" "cmTC_1e506/fast"
/usr/bin/make -f CMakeFiles/cmTC_1e506.dir/build.make CMakeFiles/cmTC_1e506.dir/build
make[1]: Entering directory '/local-scratch/xlv/catkin_ws/build/tf2_geometry_msgs/CMakeFiles/CMakeTmp'
Building C object CMakeFiles/cmTC_1e506.dir/CheckSymbolExists.c.o
/usr/bin/cc     -o CMakeFiles/cmTC_1e506.dir/CheckSymbolExists.c.o   -c /local-scratch/xlv/catkin_ws/build/tf2_geometry_msgs/CMakeFiles/CMakeTmp/CheckSymbolExists.c
Linking C executable cmTC_1e506
/usr/bin/cmake -E cmake_link_script CMakeFiles/cmTC_1e506.dir/link.txt --verbose=1
/usr/bin/cc       CMakeFiles/cmTC_1e506.dir/CheckSymbolExists.c.o  -o cmTC_1e506 -rdynamic 
CMakeFiles/cmTC_1e506.dir/CheckSymbolExists.c.o: In function `main':
CheckSymbolExists.c:(.text+0x16): undefined reference to `pthread_create'
collect2: error: ld returned 1 exit status
CMakeFiles/cmTC_1e506.dir/build.make:97: recipe for target 'cmTC_1e506' failed
make[1]: *** [cmTC_1e506] Error 1
make[1]: Leaving directory '/local-scratch/xlv/catkin_ws/build/tf2_geometry_msgs/CMakeFiles/CMakeTmp'
Makefile:126: recipe for target 'cmTC_1e506/fast' failed
make: *** [cmTC_1e506/fast] Error 2

File /local-scratch/xlv/catkin_ws/build/tf2_geometry_msgs/CMakeFiles/CMakeTmp/CheckSymbolExists.c:
/* */
#include <pthread.h>

int main(int argc, char** argv)
{
  (void)argv;
#ifndef pthread_create
  return ((int*)(&pthread_create))[argc];
#else
  (void)argc;
  return 0;
#endif
}

Determining if the function pthread_create exists in the pthreads failed with the following output:
Change Dir: /local-scratch/xlv/catkin_ws/build/tf2_geometry_msgs/CMakeFiles/CMakeTmp

Run Build Command:"/usr/bin/make" "cmTC_b72b2/fast"
/usr/bin/make -f CMakeFiles/cmTC_b72b2.dir/build.make CMakeFiles/cmTC_b72b2.dir/build
make[1]: Entering directory '/local-scratch/xlv/catkin_ws/build/tf2_geometry_msgs/CMakeFiles/CMakeTmp'
Building C object CMakeFiles/cmTC_b72b2.dir/CheckFunctionExists.c.o
/usr/bin/cc    -DCHECK_FUNCTION_EXISTS=pthread_create   -o CMakeFiles/cmTC_b72b2.dir/CheckFunctionExists.c.o   -c /usr/share/cmake-3.5/Modules/CheckFunctionExists.c
Linking C executable cmTC_b72b2
/usr/bin/cmake -E cmake_link_script CMakeFiles/cmTC_b72b2.dir/link.txt --verbose=1
/usr/bin/cc   -DCHECK_FUNCTION_EXISTS=pthread_create    CMakeFiles/cmTC_b72b2.dir/CheckFunctionExists.c.o  -o cmTC_b72b2 -rdynamic -lpthreads 
/usr/bin/ld: cannot find -lpthreads
collect2: error: ld returned 1 exit status
CMakeFiles/cmTC_b72b2.dir/build.make:97: recipe for target 'cmTC_b72b2' failed
make[1]: *** [cmTC_b72b2] Error 1
make[1]: Leaving directory '/local-scratch/xlv/catkin_ws/build/tf2_geometry_msgs/CMakeFiles/CMakeTmp'
Makefile:126: recipe for target 'cmTC_b72b2/fast' failed
make: *** [cmTC_b72b2/fast] Error 2


