Determining if the pthread_create exist failed with the following output:
Change Dir: /local-scratch/xlv/catkin_ws/build/tf_conversions/CMakeFiles/CMakeTmp

Run Build Command:"/usr/bin/make" "cmTC_e45bd/fast"
/usr/bin/make -f CMakeFiles/cmTC_e45bd.dir/build.make CMakeFiles/cmTC_e45bd.dir/build
make[1]: Entering directory '/local-scratch/xlv/catkin_ws/build/tf_conversions/CMakeFiles/CMakeTmp'
Building C object CMakeFiles/cmTC_e45bd.dir/CheckSymbolExists.c.o
/usr/bin/cc     -o CMakeFiles/cmTC_e45bd.dir/CheckSymbolExists.c.o   -c /local-scratch/xlv/catkin_ws/build/tf_conversions/CMakeFiles/CMakeTmp/CheckSymbolExists.c
Linking C executable cmTC_e45bd
/usr/bin/cmake -E cmake_link_script CMakeFiles/cmTC_e45bd.dir/link.txt --verbose=1
/usr/bin/cc       CMakeFiles/cmTC_e45bd.dir/CheckSymbolExists.c.o  -o cmTC_e45bd -rdynamic 
CMakeFiles/cmTC_e45bd.dir/CheckSymbolExists.c.o: In function `main':
CheckSymbolExists.c:(.text+0x16): undefined reference to `pthread_create'
collect2: error: ld returned 1 exit status
CMakeFiles/cmTC_e45bd.dir/build.make:97: recipe for target 'cmTC_e45bd' failed
make[1]: *** [cmTC_e45bd] Error 1
make[1]: Leaving directory '/local-scratch/xlv/catkin_ws/build/tf_conversions/CMakeFiles/CMakeTmp'
Makefile:126: recipe for target 'cmTC_e45bd/fast' failed
make: *** [cmTC_e45bd/fast] Error 2

File /local-scratch/xlv/catkin_ws/build/tf_conversions/CMakeFiles/CMakeTmp/CheckSymbolExists.c:
/* */
#include <pthread.h>

int main(int argc, char** argv)
{
  (void)argv;
#ifndef pthread_create
  return ((int*)(&pthread_create))[argc];
#else
  (void)argc;
  return 0;
#endif
}

Determining if the function pthread_create exists in the pthreads failed with the following output:
Change Dir: /local-scratch/xlv/catkin_ws/build/tf_conversions/CMakeFiles/CMakeTmp

Run Build Command:"/usr/bin/make" "cmTC_12724/fast"
/usr/bin/make -f CMakeFiles/cmTC_12724.dir/build.make CMakeFiles/cmTC_12724.dir/build
make[1]: Entering directory '/local-scratch/xlv/catkin_ws/build/tf_conversions/CMakeFiles/CMakeTmp'
Building C object CMakeFiles/cmTC_12724.dir/CheckFunctionExists.c.o
/usr/bin/cc    -DCHECK_FUNCTION_EXISTS=pthread_create   -o CMakeFiles/cmTC_12724.dir/CheckFunctionExists.c.o   -c /usr/share/cmake-3.5/Modules/CheckFunctionExists.c
Linking C executable cmTC_12724
/usr/bin/cmake -E cmake_link_script CMakeFiles/cmTC_12724.dir/link.txt --verbose=1
/usr/bin/cc   -DCHECK_FUNCTION_EXISTS=pthread_create    CMakeFiles/cmTC_12724.dir/CheckFunctionExists.c.o  -o cmTC_12724 -rdynamic -lpthreads 
/usr/bin/ld: cannot find -lpthreads
collect2: error: ld returned 1 exit status
CMakeFiles/cmTC_12724.dir/build.make:97: recipe for target 'cmTC_12724' failed
make[1]: *** [cmTC_12724] Error 1
make[1]: Leaving directory '/local-scratch/xlv/catkin_ws/build/tf_conversions/CMakeFiles/CMakeTmp'
Makefile:126: recipe for target 'cmTC_12724/fast' failed
make: *** [cmTC_12724/fast] Error 2


