Determining if the pthread_create exist failed with the following output:
Change Dir: /local-scratch/xlv/reward_shaping_ttr/catkin_ws/build/hector_xacro_tools/CMakeFiles/CMakeTmp

Run Build Command:"/usr/bin/make" "cmTC_fe8eb/fast"
/usr/bin/make -f CMakeFiles/cmTC_fe8eb.dir/build.make CMakeFiles/cmTC_fe8eb.dir/build
make[1]: Entering directory '/local-scratch/xlv/reward_shaping_ttr/catkin_ws/build/hector_xacro_tools/CMakeFiles/CMakeTmp'
Building C object CMakeFiles/cmTC_fe8eb.dir/CheckSymbolExists.c.o
/usr/bin/cc     -o CMakeFiles/cmTC_fe8eb.dir/CheckSymbolExists.c.o   -c /local-scratch/xlv/reward_shaping_ttr/catkin_ws/build/hector_xacro_tools/CMakeFiles/CMakeTmp/CheckSymbolExists.c
Linking C executable cmTC_fe8eb
/usr/bin/cmake -E cmake_link_script CMakeFiles/cmTC_fe8eb.dir/link.txt --verbose=1
/usr/bin/cc       CMakeFiles/cmTC_fe8eb.dir/CheckSymbolExists.c.o  -o cmTC_fe8eb -rdynamic 
CMakeFiles/cmTC_fe8eb.dir/CheckSymbolExists.c.o: In function `main':
CheckSymbolExists.c:(.text+0x16): undefined reference to `pthread_create'
collect2: error: ld returned 1 exit status
CMakeFiles/cmTC_fe8eb.dir/build.make:97: recipe for target 'cmTC_fe8eb' failed
make[1]: *** [cmTC_fe8eb] Error 1
make[1]: Leaving directory '/local-scratch/xlv/reward_shaping_ttr/catkin_ws/build/hector_xacro_tools/CMakeFiles/CMakeTmp'
Makefile:126: recipe for target 'cmTC_fe8eb/fast' failed
make: *** [cmTC_fe8eb/fast] Error 2

File /local-scratch/xlv/reward_shaping_ttr/catkin_ws/build/hector_xacro_tools/CMakeFiles/CMakeTmp/CheckSymbolExists.c:
/* */
#include <pthread.h>

int main(int argc, char** argv)
{
  (void)argv;
#ifndef pthread_create
  return ((int*)(&pthread_create))[argc];
#else
  (void)argc;
  return 0;
#endif
}

Determining if the function pthread_create exists in the pthreads failed with the following output:
Change Dir: /local-scratch/xlv/reward_shaping_ttr/catkin_ws/build/hector_xacro_tools/CMakeFiles/CMakeTmp

Run Build Command:"/usr/bin/make" "cmTC_c6bd5/fast"
/usr/bin/make -f CMakeFiles/cmTC_c6bd5.dir/build.make CMakeFiles/cmTC_c6bd5.dir/build
make[1]: Entering directory '/local-scratch/xlv/reward_shaping_ttr/catkin_ws/build/hector_xacro_tools/CMakeFiles/CMakeTmp'
Building C object CMakeFiles/cmTC_c6bd5.dir/CheckFunctionExists.c.o
/usr/bin/cc    -DCHECK_FUNCTION_EXISTS=pthread_create   -o CMakeFiles/cmTC_c6bd5.dir/CheckFunctionExists.c.o   -c /usr/share/cmake-3.5/Modules/CheckFunctionExists.c
Linking C executable cmTC_c6bd5
/usr/bin/cmake -E cmake_link_script CMakeFiles/cmTC_c6bd5.dir/link.txt --verbose=1
/usr/bin/cc   -DCHECK_FUNCTION_EXISTS=pthread_create    CMakeFiles/cmTC_c6bd5.dir/CheckFunctionExists.c.o  -o cmTC_c6bd5 -rdynamic -lpthreads 
/usr/bin/ld: cannot find -lpthreads
collect2: error: ld returned 1 exit status
CMakeFiles/cmTC_c6bd5.dir/build.make:97: recipe for target 'cmTC_c6bd5' failed
make[1]: *** [cmTC_c6bd5] Error 1
make[1]: Leaving directory '/local-scratch/xlv/reward_shaping_ttr/catkin_ws/build/hector_xacro_tools/CMakeFiles/CMakeTmp'
Makefile:126: recipe for target 'cmTC_c6bd5/fast' failed
make: *** [cmTC_c6bd5/fast] Error 2


